Using pre-set license
Built from '2020.3/staging' branch; Version is '2020.3.35f1 (18e4db7a9996) revision 1631451'; Using compiler version '192528614'; Build Type 'Release'
OS: 'Windows 10  (10.0.19043) 64bit Core' Language: 'ko' Physical Memory: 7971 MB
BatchMode: 1, IsHumanControllingUs: 0, StartBugReporterOnCrash: 0, Is64bit: 1, IsPro: 0

COMMAND LINE ARGUMENTS:
C:\Program Files\Unity\Hub\Editor\2020.3.35f1\Editor\Unity.exe
-adb2
-batchMode
-noUpm
-name
AssetImportWorker0
-projectPath
C:/unity_project/HIEARHT/HIEARTH
-logFile
Logs/AssetImportWorker0.log
-srvPort
50926
Successfully changed project path to: C:/unity_project/HIEARHT/HIEARTH
C:/unity_project/HIEARHT/HIEARTH
Using Asset Import Pipeline V2.
Refreshing native plugins compatible for Editor in 74.85 ms, found 3 plugins.
Preloading 0 native plugins for Editor in 0.00 ms.
Initialize engine version: 2020.3.35f1 (18e4db7a9996)
[Subsystems] Discovering subsystems at path C:/Program Files/Unity/Hub/Editor/2020.3.35f1/Editor/Data/Resources/UnitySubsystems
[Subsystems] Discovering subsystems at path C:/unity_project/HIEARHT/HIEARTH/Assets
GfxDevice: creating device client; threaded=0
Direct3D:
    Version:  Direct3D 11.0 [level 11.1]
    Renderer: Intel(R) UHD Graphics (ID=0x9b41)
    Vendor:   
    VRAM:     3985 MB
    Driver:   26.20.100.7463
Initialize mono
Mono path[0] = 'C:/Program Files/Unity/Hub/Editor/2020.3.35f1/Editor/Data/Managed'
Mono path[1] = 'C:/Program Files/Unity/Hub/Editor/2020.3.35f1/Editor/Data/MonoBleedingEdge/lib/mono/unityjit'
Mono config path = 'C:/Program Files/Unity/Hub/Editor/2020.3.35f1/Editor/Data/MonoBleedingEdge/etc'
Using monoOptions --debugger-agent=transport=dt_socket,embedding=1,server=y,suspend=n,address=127.0.0.1:56656
Begin MonoManager ReloadAssembly
Registering precompiled unity dll's ...
Register platform support module: C:/Program Files/Unity/Hub/Editor/2020.3.35f1/Editor/Data/PlaybackEngines/WindowsStandaloneSupport/UnityEditor.WindowsStandalone.Extensions.dll
Registered in 0.006671 seconds.
Native extension for WindowsStandalone target not found
Refreshing native plugins compatible for Editor in 85.54 ms, found 3 plugins.
Preloading 0 native plugins for Editor in 0.00 ms.
Mono: successfully reloaded assembly
- Completed reload, in  1.078 seconds
Domain Reload Profiling:
	ReloadAssembly (1078ms)
		BeginReloadAssembly (175ms)
			ExecutionOrderSort (0ms)
			DisableScriptedObjects (0ms)
			BackupInstance (0ms)
			ReleaseScriptingObjects (0ms)
			CreateAndSetChildDomain (2ms)
		EndReloadAssembly (789ms)
			LoadAssemblies (162ms)
			RebuildTransferFunctionScriptingTraits (0ms)
			SetupTypeCache (210ms)
			ReleaseScriptCaches (0ms)
			RebuildScriptCaches (43ms)
			SetupLoadedEditorAssemblies (259ms)
				LogAssemblyErrors (0ms)
				InitializePlatformSupportModulesInManaged (7ms)
				SetLoadedEditorAssemblies (0ms)
				RefreshPlugins (86ms)
				BeforeProcessingInitializeOnLoad (21ms)
				ProcessInitializeOnLoadAttributes (101ms)
				ProcessInitializeOnLoadMethodAttributes (44ms)
				AfterProcessingInitializeOnLoad (0ms)
				EditorAssembliesLoaded (0ms)
			ExecutionOrderSort2 (0ms)
			AwakeInstancesAfterBackupRestoration (0ms)
Platform modules already initialized, skipping
Registering precompiled user dll's ...
Registered in 0.011592 seconds.
Begin MonoManager ReloadAssembly
Native extension for WindowsStandalone target not found
Refreshing native plugins compatible for Editor in 83.41 ms, found 3 plugins.
Preloading 0 native plugins for Editor in 0.00 ms.
Mono: successfully reloaded assembly
- Completed reload, in  1.973 seconds
Domain Reload Profiling:
	ReloadAssembly (1975ms)
		BeginReloadAssembly (252ms)
			ExecutionOrderSort (0ms)
			DisableScriptedObjects (5ms)
			BackupInstance (0ms)
			ReleaseScriptingObjects (0ms)
			CreateAndSetChildDomain (24ms)
		EndReloadAssembly (1602ms)
			LoadAssemblies (329ms)
			RebuildTransferFunctionScriptingTraits (0ms)
			SetupTypeCache (434ms)
			ReleaseScriptCaches (1ms)
			RebuildScriptCaches (80ms)
			SetupLoadedEditorAssemblies (610ms)
				LogAssemblyErrors (0ms)
				InitializePlatformSupportModulesInManaged (7ms)
				SetLoadedEditorAssemblies (0ms)
				RefreshPlugins (84ms)
				BeforeProcessingInitializeOnLoad (151ms)
				ProcessInitializeOnLoadAttributes (276ms)
				ProcessInitializeOnLoadMethodAttributes (47ms)
				AfterProcessingInitializeOnLoad (44ms)
				EditorAssembliesLoaded (0ms)
			ExecutionOrderSort2 (0ms)
			AwakeInstancesAfterBackupRestoration (4ms)
Platform modules already initialized, skipping
========================================================================
Worker process is ready to serve import requests
Launched and connected shader compiler UnityShaderCompiler.exe after 0.09 seconds
Refreshing native plugins compatible for Editor in 0.58 ms, found 3 plugins.
Preloading 0 native plugins for Editor in 0.00 ms.
Unloading 2225 Unused Serialized files (Serialized files now loaded: 0)
System memory in use before: 102.1 MB.
System memory in use after: 102.0 MB.

Unloading 31 unused Assets to reduce memory usage. Loaded Objects now: 2656.
Total: 4.083800 ms (FindLiveObjects: 0.181600 ms CreateObjectMapping: 0.087800 ms MarkObjects: 3.624000 ms  DeleteObjects: 0.189200 ms)

AssetImportParameters requested are different than current active one (requested -> active):
  custom:framework-win-MediaFoundation: 216162199b28c13a410421893ffa2e32 -> 
  custom:video-decoder-ogg-theora: a1e56fd34408186e4bbccfd4996cb3dc -> 
  custom:container-muxer-webm: aa71ff27fc2769a1b78a27578f13a17b -> 
  custom:container-demuxer-webm: 4f35f7cbe854078d1ac9338744f61a02 -> 
  custom:container-demuxer-ogg: 62fdf1f143b41e24485cea50d1cbac27 -> 
  custom:video-encoder-webm-vp8: eb34c28f22e8b96e1ab97ce403110664 -> 
  custom:video-decoder-webm-vp8: 9c59270c3fd7afecdb556c50c9e8de78 -> 
  custom:audio-decoder-ogg-vorbis: bf7c407c2cedff20999df2af8eb42d56 -> 
  custom:audio-encoder-webm-vorbis: bf7c407c2cedff20999df2af8eb42d56 -> 
========================================================================
Received Import Request.
  path: Assets/Images
  artifactKey: Guid(cb6738bc996a35a4a90fb6a7cb71ad78) Importer(815301076,1909f56bfc062723c751e8b465ee728b)
Start importing Assets/Images using Guid(cb6738bc996a35a4a90fb6a7cb71ad78) Importer(815301076,1909f56bfc062723c751e8b465ee728b)  -> (artifact id: '17632712687df8ef2d9714c34d02dbdf') in 0.012240 seconds 
========================================================================
Received Import Request.
  Time since last request: 4.704938 seconds.
  path: Assets/Images/forest
  artifactKey: Guid(873beee7e86b90f41aa92385c9e9face) Importer(815301076,1909f56bfc062723c751e8b465ee728b)
Start importing Assets/Images/forest using Guid(873beee7e86b90f41aa92385c9e9face) Importer(815301076,1909f56bfc062723c751e8b465ee728b)  -> (artifact id: '3581520745f08e7b2871acb7f5dc0835') in 0.013193 seconds 
========================================================================
Received Import Request.
  Time since last request: 128.970093 seconds.
  path: Assets/Images/forest/big_불.png
  artifactKey: Guid(99688ce8daa30b34aa9d3f84cdaea5d9) Importer(815301076,1909f56bfc062723c751e8b465ee728b)
Start importing Assets/Images/forest/big_불.png using Guid(99688ce8daa30b34aa9d3f84cdaea5d9) Importer(815301076,1909f56bfc062723c751e8b465ee728b)  -> (artifact id: 'e6b24812e0cfd8ec33a7399bdcb764ce') in 0.248315 seconds 
========================================================================
Received Import Request.
  Time since last request: 0.000475 seconds.
  path: Assets/Images/forest/수풀_5.png
  artifactKey: Guid(c23581d78f8ea3448816eec63494a4d0) Importer(815301076,1909f56bfc062723c751e8b465ee728b)
Start importing Assets/Images/forest/수풀_5.png using Guid(c23581d78f8ea3448816eec63494a4d0) Importer(815301076,1909f56bfc062723c751e8b465ee728b)  -> (artifact id: '7136769d0a7f9bad1d3aa647e3e86868') in 0.069176 seconds 
========================================================================
Received Import Request.
  Time since last request: 0.000363 seconds.
  path: Assets/Images/forest/배경_3.png
  artifactKey: Guid(505b0be479fdfe14ba7e58818975990f) Importer(815301076,1909f56bfc062723c751e8b465ee728b)
Start importing Assets/Images/forest/배경_3.png using Guid(505b0be479fdfe14ba7e58818975990f) Importer(815301076,1909f56bfc062723c751e8b465ee728b)  -> (artifact id: '0ead01dc1c8a3440df9318407da2fc08') in 0.035981 seconds 
========================================================================
Received Import Request.
  Time since last request: 0.000683 seconds.
  path: Assets/Images/forest/바닥_1 1.png
  artifactKey: Guid(905a22813161306498167a283d4522d7) Importer(815301076,1909f56bfc062723c751e8b465ee728b)
Start importing Assets/Images/forest/바닥_1 1.png using Guid(905a22813161306498167a283d4522d7) Importer(815301076,1909f56bfc062723c751e8b465ee728b)  -> (artifact id: 'c0dd29160fa089314b88d0e71eafddb4') in 0.077280 seconds 
========================================================================
Received Import Request.
  Time since last request: 0.000394 seconds.
  path: Assets/Images/forest/퍼즐_나무막대기.png
  artifactKey: Guid(860d8eb288a07ca40889b4429e84fb08) Importer(815301076,1909f56bfc062723c751e8b465ee728b)
Start importing Assets/Images/forest/퍼즐_나무막대기.png using Guid(860d8eb288a07ca40889b4429e84fb08) Importer(815301076,1909f56bfc062723c751e8b465ee728b)  -> (artifact id: '751d912756318a998f456321261950eb') in 0.078336 seconds 
========================================================================
Received Import Request.
  Time since last request: 0.000734 seconds.
  path: Assets/Images/forest/바닥블럭_2.png
  artifactKey: Guid(0c61860919ea36243b420239816f2719) Importer(815301076,1909f56bfc062723c751e8b465ee728b)
Start importing Assets/Images/forest/바닥블럭_2.png using Guid(0c61860919ea36243b420239816f2719) Importer(815301076,1909f56bfc062723c751e8b465ee728b)  -> (artifact id: '16c34bc1a0960fc2a83bccfb6fcf9a13') in 0.038696 seconds 
========================================================================
Received Import Request.
  Time since last request: 0.000893 seconds.
  path: Assets/Images/forest/바닥_2 1.png
  artifactKey: Guid(d2e4769d49e259a4dba52d564a3da26d) Importer(815301076,1909f56bfc062723c751e8b465ee728b)
Start importing Assets/Images/forest/바닥_2 1.png using Guid(d2e4769d49e259a4dba52d564a3da26d) Importer(815301076,1909f56bfc062723c751e8b465ee728b)  -> (artifact id: '99668ca6e6f03eebb7357c4cfa366589') in 0.045580 seconds 
========================================================================
Received Import Request.
  Time since last request: 0.001019 seconds.
  path: Assets/Images/forest/바닥_3.png
  artifactKey: Guid(add1e0f56459a074384301824a0ea341) Importer(815301076,1909f56bfc062723c751e8b465ee728b)
Start importing Assets/Images/forest/바닥_3.png using Guid(add1e0f56459a074384301824a0ea341) Importer(815301076,1909f56bfc062723c751e8b465ee728b)  -> (artifact id: '2a27d8f3a17bdf7af462c98dff8020fb') in 0.098837 seconds 
========================================================================
Received Import Request.
  Time since last request: 0.000455 seconds.
  path: Assets/Images/forest/바닥_4.png
  artifactKey: Guid(80da20b3725db104e85ac25f8bdbe21a) Importer(815301076,1909f56bfc062723c751e8b465ee728b)
Start importing Assets/Images/forest/바닥_4.png using Guid(80da20b3725db104e85ac25f8bdbe21a) Importer(815301076,1909f56bfc062723c751e8b465ee728b)  -> (artifact id: 'dd301e15557b899696ebba2a66815320') in 0.064589 seconds 
========================================================================
Received Import Request.
  Time since last request: 0.000424 seconds.
  path: Assets/Images/forest/나무징검다리 1.png
  artifactKey: Guid(759801ddbc26dcc4aa4621e13091be4f) Importer(815301076,1909f56bfc062723c751e8b465ee728b)
Start importing Assets/Images/forest/나무징검다리 1.png using Guid(759801ddbc26dcc4aa4621e13091be4f) Importer(815301076,1909f56bfc062723c751e8b465ee728b)  -> (artifact id: '835f1b6afe13a6d4273a25dfee3ab701') in 0.047502 seconds 
========================================================================
Received Import Request.
  Time since last request: 0.000385 seconds.
  path: Assets/Images/forest/수풀_3.png
  artifactKey: Guid(f14da8146c4e68c40a66962243b42ced) Importer(815301076,1909f56bfc062723c751e8b465ee728b)
Start importing Assets/Images/forest/수풀_3.png using Guid(f14da8146c4e68c40a66962243b42ced) Importer(815301076,1909f56bfc062723c751e8b465ee728b)  -> (artifact id: '60b06d5cca1f75d73214f69846cf9354') in 0.058366 seconds 
========================================================================
Received Import Request.
  Time since last request: 0.000400 seconds.
  path: Assets/Images/forest/바닥_9.png
  artifactKey: Guid(9ffaaa16cf8cb664fbe416162cdbab8c) Importer(815301076,1909f56bfc062723c751e8b465ee728b)
Start importing Assets/Images/forest/바닥_9.png using Guid(9ffaaa16cf8cb664fbe416162cdbab8c) Importer(815301076,1909f56bfc062723c751e8b465ee728b)  -> (artifact id: '62abcf1ccaec9bd8877a42eb688f58be') in 0.068549 seconds 
========================================================================
Received Import Request.
  Time since last request: 0.000336 seconds.
  path: Assets/Images/forest/바닥블럭_3.png
  artifactKey: Guid(373a1d7fa2210454d8778859f962fcc5) Importer(815301076,1909f56bfc062723c751e8b465ee728b)
Start importing Assets/Images/forest/바닥블럭_3.png using Guid(373a1d7fa2210454d8778859f962fcc5) Importer(815301076,1909f56bfc062723c751e8b465ee728b)  -> (artifact id: '6163545bcc1884d42efb85cd0eb94e7c') in 0.043711 seconds 
========================================================================
Received Import Request.
  Time since last request: 0.000628 seconds.
  path: Assets/Images/forest/바닥_7.png
  artifactKey: Guid(fc49dd6bff698d248855ef586cf3b839) Importer(815301076,1909f56bfc062723c751e8b465ee728b)
Start importing Assets/Images/forest/바닥_7.png using Guid(fc49dd6bff698d248855ef586cf3b839) Importer(815301076,1909f56bfc062723c751e8b465ee728b)  -> (artifact id: 'b14c3b50a96733a3cf1f8fc90e37aef5') in 0.052621 seconds 
========================================================================
Received Import Request.
  Time since last request: 0.000461 seconds.
  path: Assets/Images/forest/바닥가시_2.png
  artifactKey: Guid(7091dc43610eb0d4f9483bd2e22013fd) Importer(815301076,1909f56bfc062723c751e8b465ee728b)
Start importing Assets/Images/forest/바닥가시_2.png using Guid(7091dc43610eb0d4f9483bd2e22013fd) Importer(815301076,1909f56bfc062723c751e8b465ee728b)  -> (artifact id: 'c318cca3b805fdf7705be48e2c2a403a') in 0.049120 seconds 
========================================================================
Received Import Request.
  Time since last request: 0.000788 seconds.
  path: Assets/Images/forest/small_불.png
  artifactKey: Guid(5d6bcc59e18cc3d4ebb9599d7599b324) Importer(815301076,1909f56bfc062723c751e8b465ee728b)
Start importing Assets/Images/forest/small_불.png using Guid(5d6bcc59e18cc3d4ebb9599d7599b324) Importer(815301076,1909f56bfc062723c751e8b465ee728b)  -> (artifact id: '22eba294a85d3973f53779f453ebd2e0') in 0.049228 seconds 
========================================================================
Received Import Request.
  Time since last request: 0.000585 seconds.
  path: Assets/Images/forest/수풀_4.png
  artifactKey: Guid(729440a08dea83841b2fa8ae71a13d3d) Importer(815301076,1909f56bfc062723c751e8b465ee728b)
Start importing Assets/Images/forest/수풀_4.png using Guid(729440a08dea83841b2fa8ae71a13d3d) Importer(815301076,1909f56bfc062723c751e8b465ee728b)  -> (artifact id: '9da19ebee2381f4e11441e79f4c069fb') in 0.057229 seconds 
========================================================================
Received Import Request.
  Time since last request: 0.000446 seconds.
  path: Assets/Images/forest/퍼즐_담배.png
  artifactKey: Guid(4a7ad824d7bd54b4d8fd34e14192c0b7) Importer(815301076,1909f56bfc062723c751e8b465ee728b)
Start importing Assets/Images/forest/퍼즐_담배.png using Guid(4a7ad824d7bd54b4d8fd34e14192c0b7) Importer(815301076,1909f56bfc062723c751e8b465ee728b)  -> (artifact id: 'e5d5e6e316fd1f4b7f3eb5a79aca58ae') in 0.062975 seconds 
========================================================================
Received Import Request.
  Time since last request: 0.000437 seconds.
  path: Assets/Images/forest/바닥_8.png
  artifactKey: Guid(32c2ce572cdd00643a2fe79f91f6f183) Importer(815301076,1909f56bfc062723c751e8b465ee728b)
Start importing Assets/Images/forest/바닥_8.png using Guid(32c2ce572cdd00643a2fe79f91f6f183) Importer(815301076,1909f56bfc062723c751e8b465ee728b)  -> (artifact id: 'a9bbc0eea2b96705c29d3cd4edf947ff') in 0.044367 seconds 
========================================================================
Received Import Request.
  Time since last request: 0.000985 seconds.
  path: Assets/Images/forest/배경_2.png
  artifactKey: Guid(76b96319246d5b340a72dd7e1466c1e0) Importer(815301076,1909f56bfc062723c751e8b465ee728b)
Start importing Assets/Images/forest/배경_2.png using Guid(76b96319246d5b340a72dd7e1466c1e0) Importer(815301076,1909f56bfc062723c751e8b465ee728b)  -> (artifact id: '1f80f9ab5ac41009cd1a239f5e9fff74') in 0.045361 seconds 
========================================================================
Received Import Request.
  Time since last request: 0.000417 seconds.
  path: Assets/Images/forest/바닥_5.png
  artifactKey: Guid(1f699b500863dcc44a96ddca4eb4da7a) Importer(815301076,1909f56bfc062723c751e8b465ee728b)
Start importing Assets/Images/forest/바닥_5.png using Guid(1f699b500863dcc44a96ddca4eb4da7a) Importer(815301076,1909f56bfc062723c751e8b465ee728b)  -> (artifact id: 'd25696eb024500e5b3a206c2884ff9ab') in 0.059846 seconds 
========================================================================
Received Import Request.
  Time since last request: 0.000471 seconds.
  path: Assets/Images/forest/바닥가시_1.png
  artifactKey: Guid(494032ab18d9c9445b088b920c7b8d43) Importer(815301076,1909f56bfc062723c751e8b465ee728b)
Start importing Assets/Images/forest/바닥가시_1.png using Guid(494032ab18d9c9445b088b920c7b8d43) Importer(815301076,1909f56bfc062723c751e8b465ee728b)  -> (artifact id: '2c67db1b3b34d114af0c50f96ca3a6b0') in 0.045478 seconds 
========================================================================
Received Import Request.
  Time since last request: 0.000497 seconds.
  path: Assets/Images/forest/바닥_10.png
  artifactKey: Guid(605a45229799068468b2f424c23806a9) Importer(815301076,1909f56bfc062723c751e8b465ee728b)
Start importing Assets/Images/forest/바닥_10.png using Guid(605a45229799068468b2f424c23806a9) Importer(815301076,1909f56bfc062723c751e8b465ee728b)  -> (artifact id: '0c8d314896f03ebf7cdae66cc3d1f073') in 0.043164 seconds 
========================================================================
Received Import Request.
  Time since last request: 0.000850 seconds.
  path: Assets/Images/forest/퍼즐_나무때리기.png
  artifactKey: Guid(f126a0e7e13705d42b2a2d33d87ea9ae) Importer(815301076,1909f56bfc062723c751e8b465ee728b)
Start importing Assets/Images/forest/퍼즐_나무때리기.png using Guid(f126a0e7e13705d42b2a2d33d87ea9ae) Importer(815301076,1909f56bfc062723c751e8b465ee728b)  -> (artifact id: '490ace32c90fe451752af6281fab598a') in 0.088604 seconds 
========================================================================
Received Import Request.
  Time since last request: 0.000491 seconds.
  path: Assets/Images/forest/바닥_맨 앞 나무.png
  artifactKey: Guid(a736139828d39eb449482a9176593667) Importer(815301076,1909f56bfc062723c751e8b465ee728b)
Start importing Assets/Images/forest/바닥_맨 앞 나무.png using Guid(a736139828d39eb449482a9176593667) Importer(815301076,1909f56bfc062723c751e8b465ee728b)  -> (artifact id: 'ed3e28d4a26154f4f47ad2ac2ec95beb') in 0.083791 seconds 
========================================================================
Received Import Request.
  Time since last request: 0.000375 seconds.
  path: Assets/Images/forest/바닥_6.png
  artifactKey: Guid(156e49dac21767f45a35e64096f80c82) Importer(815301076,1909f56bfc062723c751e8b465ee728b)
Start importing Assets/Images/forest/바닥_6.png using Guid(156e49dac21767f45a35e64096f80c82) Importer(815301076,1909f56bfc062723c751e8b465ee728b)  -> (artifact id: 'cc783d00f0329b101f6d3c48e3d3626c') in 0.060230 seconds 
========================================================================
Received Import Request.
  Time since last request: 0.000365 seconds.
  path: Assets/Images/forest/바닥블럭_4.png
  artifactKey: Guid(14d869921db32a941ac52644e0335a85) Importer(815301076,1909f56bfc062723c751e8b465ee728b)
Start importing Assets/Images/forest/바닥블럭_4.png using Guid(14d869921db32a941ac52644e0335a85) Importer(815301076,1909f56bfc062723c751e8b465ee728b)  -> (artifact id: 'a12eadefb5e469ff2dcaf4e28a5f10f5') in 0.046367 seconds 
========================================================================
Received Import Request.
  Time since last request: 0.000734 seconds.
  path: Assets/Images/forest/배경_1.png
  artifactKey: Guid(b227888e74624f54185069c8bf01a9d0) Importer(815301076,1909f56bfc062723c751e8b465ee728b)
Start importing Assets/Images/forest/배경_1.png using Guid(b227888e74624f54185069c8bf01a9d0) Importer(815301076,1909f56bfc062723c751e8b465ee728b)  -> (artifact id: '47201af7bd1ce961737faa0ada9e876f') in 0.041532 seconds 
========================================================================
Received Import Request.
  Time since last request: 0.000520 seconds.
  path: Assets/Images/forest/동굴_1.png
  artifactKey: Guid(fc3f8bee5f5741e4a85d81c76047fbdb) Importer(815301076,1909f56bfc062723c751e8b465ee728b)
Start importing Assets/Images/forest/동굴_1.png using Guid(fc3f8bee5f5741e4a85d81c76047fbdb) Importer(815301076,1909f56bfc062723c751e8b465ee728b)  -> (artifact id: 'ad4c7e77d341d732f02631095c0030ea') in 0.053180 seconds 
========================================================================
Received Import Request.
  Time since last request: 0.000384 seconds.
  path: Assets/Images/forest/수풀_2.png
  artifactKey: Guid(5c0412e7b12e186428fe633903176c13) Importer(815301076,1909f56bfc062723c751e8b465ee728b)
Start importing Assets/Images/forest/수풀_2.png using Guid(5c0412e7b12e186428fe633903176c13) Importer(815301076,1909f56bfc062723c751e8b465ee728b)  -> (artifact id: '9688bcea41886bc5221709a3e7c2e1ac') in 0.061014 seconds 
========================================================================
Received Import Request.
  Time since last request: 0.000568 seconds.
  path: Assets/Images/forest/퍼즐_검은봉지.png
  artifactKey: Guid(802a19db69bc4704e8d4c4cd8754b40a) Importer(815301076,1909f56bfc062723c751e8b465ee728b)
Start importing Assets/Images/forest/퍼즐_검은봉지.png using Guid(802a19db69bc4704e8d4c4cd8754b40a) Importer(815301076,1909f56bfc062723c751e8b465ee728b)  -> (artifact id: '786fe00ef11c8c47b6e32d4c478f2b68') in 0.051436 seconds 
========================================================================
Received Import Request.
  Time since last request: 0.000777 seconds.
  path: Assets/Images/forest/수풀_6.png
  artifactKey: Guid(391ff4d36c8156f48be60a1037e5b073) Importer(815301076,1909f56bfc062723c751e8b465ee728b)
Start importing Assets/Images/forest/수풀_6.png using Guid(391ff4d36c8156f48be60a1037e5b073) Importer(815301076,1909f56bfc062723c751e8b465ee728b)  -> (artifact id: '7c92a4e18badc20e669d88c5759d9592') in 0.089463 seconds 
========================================================================
Received Import Request.
  Time since last request: 0.000404 seconds.
  path: Assets/Images/forest/바닥블럭_1.png
  artifactKey: Guid(dbda5259f40061744baaec332ef42cb7) Importer(815301076,1909f56bfc062723c751e8b465ee728b)
Start importing Assets/Images/forest/바닥블럭_1.png using Guid(dbda5259f40061744baaec332ef42cb7) Importer(815301076,1909f56bfc062723c751e8b465ee728b)  -> (artifact id: '3920114c40d409a42fa0478c2f205d8c') in 0.044334 seconds 
========================================================================
Received Import Request.
  Time since last request: 0.001139 seconds.
  path: Assets/Images/forest/산.png
  artifactKey: Guid(09ac7131d6adcaa428b0293fc69fd5b1) Importer(815301076,1909f56bfc062723c751e8b465ee728b)
Start importing Assets/Images/forest/산.png using Guid(09ac7131d6adcaa428b0293fc69fd5b1) Importer(815301076,1909f56bfc062723c751e8b465ee728b)  -> (artifact id: '1505b34d823b2f34bf518c16a5466f9a') in 0.064161 seconds 
========================================================================
Received Import Request.
  Time since last request: 0.001892 seconds.
  path: Assets/Images/forest/퍼즐_가짜나무찾기.png
  artifactKey: Guid(f3fa78dacf678cf44be12bc7bcf72af0) Importer(815301076,1909f56bfc062723c751e8b465ee728b)
Start importing Assets/Images/forest/퍼즐_가짜나무찾기.png using Guid(f3fa78dacf678cf44be12bc7bcf72af0) Importer(815301076,1909f56bfc062723c751e8b465ee728b)  -> (artifact id: 'b849b4732ddc497776a775837ec1a5d5') in 0.079502 seconds 
========================================================================
Received Import Request.
  Time since last request: 0.000426 seconds.
  path: Assets/Images/forest/동굴_2.png
  artifactKey: Guid(dbce48b8d3d6d4649b145e0e73c84216) Importer(815301076,1909f56bfc062723c751e8b465ee728b)
Start importing Assets/Images/forest/동굴_2.png using Guid(dbce48b8d3d6d4649b145e0e73c84216) Importer(815301076,1909f56bfc062723c751e8b465ee728b)  -> (artifact id: 'ddee75b4ac007ec6e0aaa8d010dd55fd') in 0.060038 seconds 
========================================================================
Received Import Request.
  Time since last request: 0.000394 seconds.
  path: Assets/Images/forest/퍼즐_담배들.png
  artifactKey: Guid(2a2661d9969b0b64ea189673cd975e2d) Importer(815301076,1909f56bfc062723c751e8b465ee728b)
Start importing Assets/Images/forest/퍼즐_담배들.png using Guid(2a2661d9969b0b64ea189673cd975e2d) Importer(815301076,1909f56bfc062723c751e8b465ee728b)  -> (artifact id: 'e2771c69d7462db8648516fadc5f274b') in 0.106009 seconds 
========================================================================
Received Import Request.
  Time since last request: 85.031717 seconds.
  path: Assets/Images/forest/퍼즐_바위때리기.png
  artifactKey: Guid(b782c5415bcf8f04b8963a3dbab6fcbc) Importer(815301076,1909f56bfc062723c751e8b465ee728b)
Start importing Assets/Images/forest/퍼즐_바위때리기.png using Guid(b782c5415bcf8f04b8963a3dbab6fcbc) Importer(815301076,1909f56bfc062723c751e8b465ee728b)  -> (artifact id: '1cc3ebff8c29776b295371580f6f077d') in 0.036189 seconds 
========================================================================
Received Import Request.
  Time since last request: 0.000414 seconds.
  path: Assets/Images/forest/퍼즐_쓰레기통.png
  artifactKey: Guid(0cb4cc1d35265404fb58e7490bed49af) Importer(815301076,1909f56bfc062723c751e8b465ee728b)
Start importing Assets/Images/forest/퍼즐_쓰레기통.png using Guid(0cb4cc1d35265404fb58e7490bed49af) Importer(815301076,1909f56bfc062723c751e8b465ee728b)  -> (artifact id: 'ae4e5382bc1ae7ff6dba75adfef4d087') in 0.045037 seconds 
========================================================================
Received Import Request.
  Time since last request: 0.000453 seconds.
  path: Assets/Images/forest/퍼즐_캔_1.png
  artifactKey: Guid(b107a5500928ead4996db8901f0c4b10) Importer(815301076,1909f56bfc062723c751e8b465ee728b)
Start importing Assets/Images/forest/퍼즐_캔_1.png using Guid(b107a5500928ead4996db8901f0c4b10) Importer(815301076,1909f56bfc062723c751e8b465ee728b)  -> (artifact id: '6afce9a2141f4714031fd6916c2587aa') in 0.053534 seconds 
========================================================================
Received Import Request.
  Time since last request: 0.000825 seconds.
  path: Assets/Images/forest/퍼즐_바위밀기_3.png
  artifactKey: Guid(a3aa1f8bfbc22c24aaafaa28fcac7a20) Importer(815301076,1909f56bfc062723c751e8b465ee728b)
Start importing Assets/Images/forest/퍼즐_바위밀기_3.png using Guid(a3aa1f8bfbc22c24aaafaa28fcac7a20) Importer(815301076,1909f56bfc062723c751e8b465ee728b)  -> (artifact id: '327a0f0350d4186edb0283aa1ec0fb85') in 0.045101 seconds 
========================================================================
Received Import Request.
  Time since last request: 0.000325 seconds.
  path: Assets/Images/forest/퍼즐_바위밀기 1.png
  artifactKey: Guid(64b4918d42aeef448b79285e7d4d4980) Importer(815301076,1909f56bfc062723c751e8b465ee728b)
Start importing Assets/Images/forest/퍼즐_바위밀기 1.png using Guid(64b4918d42aeef448b79285e7d4d4980) Importer(815301076,1909f56bfc062723c751e8b465ee728b)  -> (artifact id: '6b0b23f6412bcdb287df874446492ae4') in 0.044531 seconds 
========================================================================
Received Import Request.
  Time since last request: 0.000580 seconds.
  path: Assets/Images/forest/퍼즐_캔_2.png
  artifactKey: Guid(afdaadda77f85684fb9d12778f2b4445) Importer(815301076,1909f56bfc062723c751e8b465ee728b)
Start importing Assets/Images/forest/퍼즐_캔_2.png using Guid(afdaadda77f85684fb9d12778f2b4445) Importer(815301076,1909f56bfc062723c751e8b465ee728b)  -> (artifact id: 'c04b3a9422339cfbda80e1122273ec12') in 0.053290 seconds 
========================================================================
Received Import Request.
  Time since last request: 0.000819 seconds.
  path: Assets/Images/forest/퍼즐_쇼핑백.png
  artifactKey: Guid(23d08ff2d71ff66458bb02b8a64663de) Importer(815301076,1909f56bfc062723c751e8b465ee728b)
Start importing Assets/Images/forest/퍼즐_쇼핑백.png using Guid(23d08ff2d71ff66458bb02b8a64663de) Importer(815301076,1909f56bfc062723c751e8b465ee728b)  -> (artifact id: '626b90357cc3940e72e5b860ef089911') in 0.055824 seconds 
========================================================================
Received Import Request.
  Time since last request: 0.000343 seconds.
  path: Assets/Images/forest/퍼즐_바위밀기_4.png
  artifactKey: Guid(178d2504c220c2f4aa212501114525b0) Importer(815301076,1909f56bfc062723c751e8b465ee728b)
Start importing Assets/Images/forest/퍼즐_바위밀기_4.png using Guid(178d2504c220c2f4aa212501114525b0) Importer(815301076,1909f56bfc062723c751e8b465ee728b)  -> (artifact id: '2365f3371dcc251c0ac8bdcac0812c94') in 0.045105 seconds 
AssetImportWorkerClient::OnTransportError - code=2 error=End of file
